<?xml version="1.0" encoding="UTF-8"?>
<testng-results skipped="0" failed="0" total="1" passed="1">
  <reporter-output>
  </reporter-output>
  <suite name="Default suite" duration-ms="21430" started-at="2017-11-05T05:01:09Z" finished-at="2017-11-05T05:01:31Z">
    <groups>
    </groups>
    <test name="Default test" duration-ms="21430" started-at="2017-11-05T05:01:09Z" finished-at="2017-11-05T05:01:31Z">
      <class name="TestCases.VerifyHomePage">
        <test-method status="PASS" signature="setUp()[pri:0, instance:TestCases.VerifyHomePage@48a3abff]" name="setUp" is-config="true" duration-ms="19215" started-at="2017-11-05T10:31:10Z" finished-at="2017-11-05T10:31:29Z">
          <reporter-output>
          </reporter-output>
        </test-method> <!-- setUp -->
        <test-method status="PASS" signature="testHomePage()[pri:0, instance:TestCases.VerifyHomePage@48a3abff]" name="testHomePage" duration-ms="230" started-at="2017-11-05T10:31:29Z" finished-at="2017-11-05T10:31:29Z">
          <reporter-output>
          </reporter-output>
        </test-method> <!-- testHomePage -->
        <test-method status="PASS" signature="closeHomePage()[pri:0, instance:TestCases.VerifyHomePage@48a3abff]" name="closeHomePage" is-config="true" duration-ms="1928" started-at="2017-11-05T10:31:29Z" finished-at="2017-11-05T10:31:31Z">
          <reporter-output>
          </reporter-output>
        </test-method> <!-- closeHomePage -->
      </class> <!-- TestCases.VerifyHomePage -->
    </test> <!-- Default test -->
  </suite> <!-- Default suite -->
</testng-results>
